<?xml version="1.0" encoding="UTF-8"?>
<!-- Generated by org.testng.reporters.JUnitReportReporter -->
<testsuite skipped="2" hostname="VIGYAN-L-PC2" name="DependsOnMethod" tests="3" failures="0" timestamp="2019-10-18T12:42:16 IST" time="9.603" errors="1">
  <testcase name="test1" time="0.000" classname="DependsOnMethod">
    <skipped/>
  </testcase> <!-- test1 -->
  <testcase name="admin1" time="0.000" classname="DependsOnMethod">
    <skipped/>
  </testcase> <!-- admin1 -->
  <testcase name="befretest" time="9.603" classname="DependsOnMethod">
    <error type="org.openqa.selenium.SessionNotCreatedException" message="session not created
from chrome not reachable
  (Session info: chrome=77.0.3865.120)
Build info: version: &#039;3.141.59&#039;, revision: &#039;e82be7d358&#039;, time: &#039;2018-11-14T08:25:48&#039;
System info: host: &#039;VIGYAN-L-PC2&#039;, ip: &#039;172.16.2.88&#039;, os.name: &#039;Windows 7&#039;, os.arch: &#039;x86&#039;, os.version: &#039;6.1&#039;, java.version: &#039;1.8.0_151&#039;
Driver info: driver.version: ChromeDriver
remote stacktrace: Backtrace:
	Ordinal0 [0x00DCEB13+1501971]
	Ordinal0 [0x00D4F6D1+980689]
	Ordinal0 [0x00CD7508+488712]
	Ordinal0 [0x00CD131A+463642]
	Ordinal0 [0x00CD19C8+465352]
	Ordinal0 [0x00CD2AA5+469669]
	Ordinal0 [0x00CCEC85+453765]
	Ordinal0 [0x00CD8330+492336]
	Ordinal0 [0x00C8A108+172296]
	Ordinal0 [0x00C8942D+169005]
	Ordinal0 [0x00C878EB+162027]
	Ordinal0 [0x00C70AC7+68295]
	Ordinal0 [0x00C71B40+72512]
	Ordinal0 [0x00C71AD9+72409]
	Ordinal0 [0x00D68F37+1085239]
	GetHandleVerifier [0x00E6D7ED+503293]
	GetHandleVerifier [0x00E6D580+502672]
	GetHandleVerifier [0x00E746AC+531644]
	GetHandleVerifier [0x00E6DFFA+505354]
	Ordinal0 [0x00D60606+1050118]
	Ordinal0 [0x00D6047F+1049727]
	Ordinal0 [0x00D6AF9B+1093531]
	Ordinal0 [0x00D6B103+1093891]
	Ordinal0 [0x00D6A095+1089685]
	BaseThreadInitThunk [0x7729EF3C+18]
	RtlInitializeExceptionChain [0x77573618+239]
	RtlInitializeExceptionChain [0x775735EB+194]
">
      <![CDATA[org.openqa.selenium.SessionNotCreatedException: session not created
from chrome not reachable
  (Session info: chrome=77.0.3865.120)
Build info: version: '3.141.59', revision: 'e82be7d358', time: '2018-11-14T08:25:48'
System info: host: 'VIGYAN-L-PC2', ip: '172.16.2.88', os.name: 'Windows 7', os.arch: 'x86', os.version: '6.1', java.version: '1.8.0_151'
Driver info: driver.version: ChromeDriver
remote stacktrace: Backtrace:
Ordinal0 [0x00DCEB13+1501971]
Ordinal0 [0x00D4F6D1+980689]
Ordinal0 [0x00CD7508+488712]
Ordinal0 [0x00CD131A+463642]
Ordinal0 [0x00CD19C8+465352]
Ordinal0 [0x00CD2AA5+469669]
Ordinal0 [0x00CCEC85+453765]
Ordinal0 [0x00CD8330+492336]
Ordinal0 [0x00C8A108+172296]
Ordinal0 [0x00C8942D+169005]
Ordinal0 [0x00C878EB+162027]
Ordinal0 [0x00C70AC7+68295]
Ordinal0 [0x00C71B40+72512]
Ordinal0 [0x00C71AD9+72409]
Ordinal0 [0x00D68F37+1085239]
GetHandleVerifier [0x00E6D7ED+503293]
GetHandleVerifier [0x00E6D580+502672]
GetHandleVerifier [0x00E746AC+531644]
GetHandleVerifier [0x00E6DFFA+505354]
Ordinal0 [0x00D60606+1050118]
Ordinal0 [0x00D6047F+1049727]
Ordinal0 [0x00D6AF9B+1093531]
Ordinal0 [0x00D6B103+1093891]
Ordinal0 [0x00D6A095+1089685]
BaseThreadInitThunk [0x7729EF3C+18]
RtlInitializeExceptionChain [0x77573618+239]
RtlInitializeExceptionChain [0x775735EB+194]

at sun.reflect.NativeConstructorAccessorImpl.newInstance0(Native Method)
at sun.reflect.NativeConstructorAccessorImpl.newInstance(Unknown Source)
at sun.reflect.DelegatingConstructorAccessorImpl.newInstance(Unknown Source)
at java.lang.reflect.Constructor.newInstance(Unknown Source)
at org.openqa.selenium.remote.W3CHandshakeResponse.lambda$errorHandler$0(W3CHandshakeResponse.java:62)
at org.openqa.selenium.remote.HandshakeResponse.lambda$getResponseFunction$0(HandshakeResponse.java:30)
at org.openqa.selenium.remote.ProtocolHandshake.lambda$createSession$0(ProtocolHandshake.java:126)
at java.util.stream.ReferencePipeline$3$1.accept(Unknown Source)
at java.util.Spliterators$ArraySpliterator.tryAdvance(Unknown Source)
at java.util.stream.ReferencePipeline.forEachWithCancel(Unknown Source)
at java.util.stream.AbstractPipeline.copyIntoWithCancel(Unknown Source)
at java.util.stream.AbstractPipeline.copyInto(Unknown Source)
at java.util.stream.AbstractPipeline.wrapAndCopyInto(Unknown Source)
at java.util.stream.FindOps$FindOp.evaluateSequential(Unknown Source)
at java.util.stream.AbstractPipeline.evaluate(Unknown Source)
at java.util.stream.ReferencePipeline.findFirst(Unknown Source)
at org.openqa.selenium.remote.ProtocolHandshake.createSession(ProtocolHandshake.java:128)
at org.openqa.selenium.remote.ProtocolHandshake.createSession(ProtocolHandshake.java:74)
at org.openqa.selenium.remote.HttpCommandExecutor.execute(HttpCommandExecutor.java:136)
at org.openqa.selenium.remote.service.DriverCommandExecutor.execute(DriverCommandExecutor.java:83)
at org.openqa.selenium.remote.RemoteWebDriver.execute(RemoteWebDriver.java:552)
at org.openqa.selenium.remote.RemoteWebDriver.startSession(RemoteWebDriver.java:213)
at org.openqa.selenium.remote.RemoteWebDriver.<init>(RemoteWebDriver.java:131)
at org.openqa.selenium.chrome.ChromeDriver.<init>(ChromeDriver.java:181)
at org.openqa.selenium.chrome.ChromeDriver.<init>(ChromeDriver.java:168)
at org.openqa.selenium.chrome.ChromeDriver.<init>(ChromeDriver.java:123)
at DependsOnMethod.befretest(DependsOnMethod.java:14)
at sun.reflect.NativeMethodAccessorImpl.invoke0(Native Method)
at sun.reflect.NativeMethodAccessorImpl.invoke(Unknown Source)
at sun.reflect.DelegatingMethodAccessorImpl.invoke(Unknown Source)
at java.lang.reflect.Method.invoke(Unknown Source)
at org.testng.internal.MethodInvocationHelper.invokeMethod(MethodInvocationHelper.java:133)
at org.testng.internal.MethodInvocationHelper.invokeMethodConsideringTimeout(MethodInvocationHelper.java:62)
at org.testng.internal.ConfigInvoker.invokeConfigurationMethod(ConfigInvoker.java:340)
at org.testng.internal.ConfigInvoker.invokeConfigurations(ConfigInvoker.java:294)
at org.testng.TestRunner.invokeTestConfigurations(TestRunner.java:623)
at org.testng.TestRunner.beforeRun(TestRunner.java:613)
at org.testng.TestRunner.run(TestRunner.java:584)
at org.testng.SuiteRunner.runTest(SuiteRunner.java:402)
at org.testng.SuiteRunner.runSequentially(SuiteRunner.java:396)
at org.testng.SuiteRunner.privateRun(SuiteRunner.java:355)
at org.testng.SuiteRunner.run(SuiteRunner.java:304)
at org.testng.SuiteRunnerWorker.runSuite(SuiteRunnerWorker.java:53)
at org.testng.SuiteRunnerWorker.run(SuiteRunnerWorker.java:96)
at org.testng.TestNG.runSuitesSequentially(TestNG.java:1180)
at org.testng.TestNG.runSuitesLocally(TestNG.java:1102)
at org.testng.TestNG.runSuites(TestNG.java:1032)
at org.testng.TestNG.run(TestNG.java:1000)
at org.testng.remote.AbstractRemoteTestNG.run(AbstractRemoteTestNG.java:115)
at org.testng.remote.RemoteTestNG.initAndRun(RemoteTestNG.java:251)
at org.testng.remote.RemoteTestNG.main(RemoteTestNG.java:77)
]]>
    </error>
  </testcase> <!-- befretest -->
</testsuite> <!-- DependsOnMethod -->
